2025-01-03 11:42:00 [restartedMain] INFO  m._.a.ApiSpringDefaultApplication - Starting ApiSpringDefaultApplication using Java 17.0.6 with PID 310332 (D:\workspace\java\my_api\project\api_spring_default\bin\main started by EXC in D:\workspace\java\my_api\project\api_spring_default)
2025-01-03 11:42:00 [restartedMain] INFO  m._.a.ApiSpringDefaultApplication - No active profile set, falling back to 1 default profile: "default"
2025-01-03 11:42:00 [restartedMain] INFO  o.s.b.d.e.DevToolsPropertyDefaultsPostProcessor - Devtools property defaults active! Set 'spring.devtools.add-properties' to 'false' to disable
2025-01-03 11:42:00 [restartedMain] INFO  o.s.b.d.e.DevToolsPropertyDefaultsPostProcessor - For additional web related logging consider setting the 'logging.level.web' property to 'DEBUG'
2025-01-03 11:42:01 [restartedMain] INFO  o.s.b.w.e.tomcat.TomcatWebServer - Tomcat initialized with port 9371 (http)
2025-01-03 11:42:01 [restartedMain] INFO  o.a.coyote.http11.Http11NioProtocol - Initializing ProtocolHandler ["http-nio-9371"]
2025-01-03 11:42:01 [restartedMain] INFO  o.a.catalina.core.StandardService - Starting service [Tomcat]
2025-01-03 11:42:01 [restartedMain] INFO  o.a.catalina.core.StandardEngine - Starting Servlet engine: [Apache Tomcat/10.1.34]
2025-01-03 11:42:01 [restartedMain] INFO  o.a.c.c.C.[Tomcat].[localhost].[/] - Initializing Spring embedded WebApplicationContext
2025-01-03 11:42:01 [restartedMain] INFO  o.s.b.w.s.c.ServletWebServerApplicationContext - Root WebApplicationContext: initialization completed in 574 ms
2025-01-03 11:42:01 [restartedMain] INFO  o.s.b.a.w.s.WelcomePageHandlerMapping - Adding welcome page: class path resource [static/index.html]
2025-01-03 11:42:01 [restartedMain] INFO  o.s.b.d.a.OptionalLiveReloadServer - LiveReload server is running on port 35729
2025-01-03 11:42:01 [restartedMain] INFO  o.a.coyote.http11.Http11NioProtocol - Starting ProtocolHandler ["http-nio-9371"]
2025-01-03 11:42:01 [restartedMain] INFO  o.s.b.w.e.tomcat.TomcatWebServer - Tomcat started on port 9371 (http) with context path '/'
2025-01-03 11:42:01 [restartedMain] INFO  m._.a.ApiSpringDefaultApplication - Started ApiSpringDefaultApplication in 1.17 seconds (process running for 1.673)
2025-01-03 11:42:40 [http-nio-9371-exec-1] INFO  o.a.c.c.C.[Tomcat].[localhost].[/] - Initializing Spring DispatcherServlet 'dispatcherServlet'
2025-01-03 11:42:40 [http-nio-9371-exec-1] INFO  o.s.web.servlet.DispatcherServlet - Initializing Servlet 'dispatcherServlet'
2025-01-03 11:42:40 [http-nio-9371-exec-1] INFO  o.s.web.servlet.DispatcherServlet - Completed initialization in 1 ms
2025-01-03 11:42:40 [http-nio-9371-exec-1] INFO  m._.a.service.FileService - preHandle ===> access_token : null
2025-01-03 11:42:40 [http-nio-9371-exec-1] INFO  m._.a.service.FileService - logintest
2025-01-03 11:42:40 [http-nio-9371-exec-1] INFO  com.zaxxer.hikari.HikariDataSource - HikariPool-1 - Starting...
2025-01-03 11:42:41 [http-nio-9371-exec-1] INFO  m._.a.service.FileService - preHandle ===> access_token : null
2025-01-03 11:42:51 [http-nio-9371-exec-2] INFO  m._.a.service.FileService - preHandle ===> access_token : null
2025-01-03 11:42:51 [http-nio-9371-exec-2] INFO  m._.a.service.FileService - logintest
2025-01-03 11:42:51 [http-nio-9371-exec-2] INFO  com.zaxxer.hikari.HikariDataSource - HikariPool-1 - Starting...
2025-01-03 11:42:52 [http-nio-9371-exec-2] INFO  m._.a.service.FileService - preHandle ===> access_token : null
2025-01-03 11:43:27 [File Watcher] INFO  o.s.b.d.a.LocalDevToolsAutoConfiguration$RestartingClassPathChangeChangedEventListener - Restarting due to 1 class path change (0 additions, 0 deletions, 1 modification)
2025-01-03 11:43:27 [Thread-5] INFO  o.s.b.w.e.tomcat.GracefulShutdown - Commencing graceful shutdown. Waiting for active requests to complete
2025-01-03 11:43:27 [tomcat-shutdown] INFO  o.a.coyote.http11.Http11NioProtocol - Pausing ProtocolHandler ["http-nio-9371"]
2025-01-03 11:43:27 [tomcat-shutdown] INFO  o.s.b.w.e.tomcat.GracefulShutdown - Graceful shutdown complete
2025-01-03 11:43:27 [Thread-5] INFO  o.a.coyote.http11.Http11NioProtocol - Stopping ProtocolHandler ["http-nio-9371"]
2025-01-03 11:43:28 [restartedMain] INFO  m._.a.ApiSpringDefaultApplication - Starting ApiSpringDefaultApplication using Java 17.0.6 with PID 310332 (D:\workspace\java\my_api\project\api_spring_default\bin\main started by EXC in D:\workspace\java\my_api\project\api_spring_default)
2025-01-03 11:43:28 [restartedMain] INFO  m._.a.ApiSpringDefaultApplication - No active profile set, falling back to 1 default profile: "default"
2025-01-03 11:43:28 [restartedMain] INFO  o.s.b.w.e.tomcat.TomcatWebServer - Tomcat initialized with port 9371 (http)
2025-01-03 11:43:28 [restartedMain] INFO  o.a.coyote.http11.Http11NioProtocol - Initializing ProtocolHandler ["http-nio-9371"]
2025-01-03 11:43:28 [restartedMain] INFO  o.a.catalina.core.StandardService - Starting service [Tomcat]
2025-01-03 11:43:28 [restartedMain] INFO  o.a.catalina.core.StandardEngine - Starting Servlet engine: [Apache Tomcat/10.1.34]
2025-01-03 11:43:28 [restartedMain] INFO  o.a.c.c.C.[Tomcat].[localhost].[/] - Initializing Spring embedded WebApplicationContext
2025-01-03 11:43:28 [restartedMain] INFO  o.s.b.w.s.c.ServletWebServerApplicationContext - Root WebApplicationContext: initialization completed in 127 ms
2025-01-03 11:43:28 [restartedMain] INFO  o.s.b.a.w.s.WelcomePageHandlerMapping - Adding welcome page: class path resource [static/index.html]
2025-01-03 11:43:28 [restartedMain] INFO  o.s.b.d.a.OptionalLiveReloadServer - LiveReload server is running on port 35729
2025-01-03 11:43:28 [restartedMain] INFO  o.a.coyote.http11.Http11NioProtocol - Starting ProtocolHandler ["http-nio-9371"]
2025-01-03 11:43:28 [restartedMain] INFO  o.s.b.w.e.tomcat.TomcatWebServer - Tomcat started on port 9371 (http) with context path '/'
2025-01-03 11:43:28 [restartedMain] INFO  m._.a.ApiSpringDefaultApplication - Started ApiSpringDefaultApplication in 0.236 seconds (process running for 88.1)
2025-01-03 11:43:28 [restartedMain] INFO  o.s.b.d.a.ConditionEvaluationDeltaLoggingListener - Condition evaluation unchanged
2025-01-03 11:43:31 [http-nio-9371-exec-1] INFO  o.a.c.c.C.[Tomcat].[localhost].[/] - Initializing Spring DispatcherServlet 'dispatcherServlet'
2025-01-03 11:43:31 [http-nio-9371-exec-1] INFO  o.s.web.servlet.DispatcherServlet - Initializing Servlet 'dispatcherServlet'
2025-01-03 11:43:31 [http-nio-9371-exec-1] INFO  o.s.web.servlet.DispatcherServlet - Completed initialization in 1 ms
2025-01-03 11:43:31 [http-nio-9371-exec-1] INFO  m._.a.service.FileService - logintest
2025-01-03 11:43:31 [http-nio-9371-exec-1] INFO  com.zaxxer.hikari.HikariDataSource - HikariPool-2 - Starting...
2025-01-03 11:43:43 [File Watcher] INFO  o.s.b.d.a.LocalDevToolsAutoConfiguration$RestartingClassPathChangeChangedEventListener - Restarting due to 1 class path change (0 additions, 0 deletions, 1 modification)
2025-01-03 11:43:43 [Thread-7] INFO  o.s.b.w.e.tomcat.GracefulShutdown - Commencing graceful shutdown. Waiting for active requests to complete
2025-01-03 11:43:43 [tomcat-shutdown] INFO  o.a.coyote.http11.Http11NioProtocol - Pausing ProtocolHandler ["http-nio-9371"]
2025-01-03 11:43:44 [tomcat-shutdown] INFO  o.s.b.w.e.tomcat.GracefulShutdown - Graceful shutdown complete
2025-01-03 11:43:44 [Thread-7] INFO  o.a.coyote.http11.Http11NioProtocol - Stopping ProtocolHandler ["http-nio-9371"]
2025-01-03 11:43:44 [restartedMain] INFO  m._.a.ApiSpringDefaultApplication - Starting ApiSpringDefaultApplication using Java 17.0.6 with PID 310332 (D:\workspace\java\my_api\project\api_spring_default\bin\main started by EXC in D:\workspace\java\my_api\project\api_spring_default)
2025-01-03 11:43:44 [restartedMain] INFO  m._.a.ApiSpringDefaultApplication - No active profile set, falling back to 1 default profile: "default"
2025-01-03 11:43:44 [restartedMain] INFO  o.s.b.w.e.tomcat.TomcatWebServer - Tomcat initialized with port 9371 (http)
2025-01-03 11:43:44 [restartedMain] INFO  o.a.coyote.http11.Http11NioProtocol - Initializing ProtocolHandler ["http-nio-9371"]
2025-01-03 11:43:44 [restartedMain] INFO  o.a.catalina.core.StandardService - Starting service [Tomcat]
2025-01-03 11:43:44 [restartedMain] INFO  o.a.catalina.core.StandardEngine - Starting Servlet engine: [Apache Tomcat/10.1.34]
2025-01-03 11:43:44 [restartedMain] INFO  o.a.c.c.C.[Tomcat].[localhost].[/] - Initializing Spring embedded WebApplicationContext
2025-01-03 11:43:44 [restartedMain] INFO  o.s.b.w.s.c.ServletWebServerApplicationContext - Root WebApplicationContext: initialization completed in 112 ms
2025-01-03 11:43:44 [restartedMain] INFO  o.s.b.a.w.s.WelcomePageHandlerMapping - Adding welcome page: class path resource [static/index.html]
2025-01-03 11:43:44 [restartedMain] INFO  o.s.b.d.a.OptionalLiveReloadServer - LiveReload server is running on port 35729
2025-01-03 11:43:44 [restartedMain] INFO  o.a.coyote.http11.Http11NioProtocol - Starting ProtocolHandler ["http-nio-9371"]
2025-01-03 11:43:44 [restartedMain] INFO  o.s.b.w.e.tomcat.TomcatWebServer - Tomcat started on port 9371 (http) with context path '/'
2025-01-03 11:43:44 [restartedMain] INFO  m._.a.ApiSpringDefaultApplication - Started ApiSpringDefaultApplication in 0.209 seconds (process running for 104.216)
2025-01-03 11:43:44 [restartedMain] INFO  o.s.b.d.a.ConditionEvaluationDeltaLoggingListener - Condition evaluation unchanged
2025-01-03 11:43:45 [http-nio-9371-exec-1] INFO  o.a.c.c.C.[Tomcat].[localhost].[/] - Initializing Spring DispatcherServlet 'dispatcherServlet'
2025-01-03 11:43:45 [http-nio-9371-exec-1] INFO  o.s.web.servlet.DispatcherServlet - Initializing Servlet 'dispatcherServlet'
2025-01-03 11:43:45 [http-nio-9371-exec-1] INFO  o.s.web.servlet.DispatcherServlet - Completed initialization in 0 ms
2025-01-03 11:43:48 [File Watcher] INFO  o.s.b.d.a.LocalDevToolsAutoConfiguration$RestartingClassPathChangeChangedEventListener - Restarting due to 1 class path change (0 additions, 0 deletions, 1 modification)
2025-01-03 11:43:48 [Thread-11] INFO  o.s.b.w.e.tomcat.GracefulShutdown - Commencing graceful shutdown. Waiting for active requests to complete
2025-01-03 11:43:48 [tomcat-shutdown] INFO  o.a.coyote.http11.Http11NioProtocol - Pausing ProtocolHandler ["http-nio-9371"]
2025-01-03 11:43:49 [tomcat-shutdown] INFO  o.s.b.w.e.tomcat.GracefulShutdown - Graceful shutdown complete
2025-01-03 11:43:49 [Thread-11] INFO  o.a.coyote.http11.Http11NioProtocol - Stopping ProtocolHandler ["http-nio-9371"]
2025-01-03 11:43:49 [restartedMain] INFO  m._.a.ApiSpringDefaultApplication - Starting ApiSpringDefaultApplication using Java 17.0.6 with PID 310332 (D:\workspace\java\my_api\project\api_spring_default\bin\main started by EXC in D:\workspace\java\my_api\project\api_spring_default)
2025-01-03 11:43:49 [restartedMain] INFO  m._.a.ApiSpringDefaultApplication - No active profile set, falling back to 1 default profile: "default"
2025-01-03 11:43:49 [restartedMain] INFO  o.s.b.w.e.tomcat.TomcatWebServer - Tomcat initialized with port 9371 (http)
2025-01-03 11:43:49 [restartedMain] INFO  o.a.coyote.http11.Http11NioProtocol - Initializing ProtocolHandler ["http-nio-9371"]
2025-01-03 11:43:49 [restartedMain] INFO  o.a.catalina.core.StandardService - Starting service [Tomcat]
2025-01-03 11:43:49 [restartedMain] INFO  o.a.catalina.core.StandardEngine - Starting Servlet engine: [Apache Tomcat/10.1.34]
2025-01-03 11:43:49 [restartedMain] INFO  o.a.c.c.C.[Tomcat].[localhost].[/] - Initializing Spring embedded WebApplicationContext
2025-01-03 11:43:49 [restartedMain] INFO  o.s.b.w.s.c.ServletWebServerApplicationContext - Root WebApplicationContext: initialization completed in 104 ms
2025-01-03 11:43:49 [restartedMain] INFO  o.s.b.a.w.s.WelcomePageHandlerMapping - Adding welcome page: class path resource [static/index.html]
2025-01-03 11:43:49 [restartedMain] INFO  o.s.b.d.a.OptionalLiveReloadServer - LiveReload server is running on port 35729
2025-01-03 11:43:49 [restartedMain] INFO  o.a.coyote.http11.Http11NioProtocol - Starting ProtocolHandler ["http-nio-9371"]
2025-01-03 11:43:49 [restartedMain] INFO  o.s.b.w.e.tomcat.TomcatWebServer - Tomcat started on port 9371 (http) with context path '/'
2025-01-03 11:43:49 [restartedMain] INFO  m._.a.ApiSpringDefaultApplication - Started ApiSpringDefaultApplication in 0.195 seconds (process running for 109.085)
2025-01-03 11:43:49 [restartedMain] INFO  o.s.b.d.a.ConditionEvaluationDeltaLoggingListener - Condition evaluation unchanged
2025-01-03 11:44:04 [http-nio-9371-exec-1] INFO  o.a.c.c.C.[Tomcat].[localhost].[/] - Initializing Spring DispatcherServlet 'dispatcherServlet'
2025-01-03 11:44:04 [http-nio-9371-exec-1] INFO  o.s.web.servlet.DispatcherServlet - Initializing Servlet 'dispatcherServlet'
2025-01-03 11:44:04 [http-nio-9371-exec-1] INFO  o.s.web.servlet.DispatcherServlet - Completed initialization in 0 ms
2025-01-03 11:44:04 [http-nio-9371-exec-1] INFO  m._.a.service.FileService - logintest
2025-01-03 11:44:04 [http-nio-9371-exec-1] INFO  com.zaxxer.hikari.HikariDataSource - HikariPool-3 - Starting...
2025-01-03 11:44:41 [File Watcher] INFO  o.s.b.d.a.LocalDevToolsAutoConfiguration$RestartingClassPathChangeChangedEventListener - Restarting due to 1 class path change (0 additions, 0 deletions, 1 modification)
2025-01-03 11:44:41 [Thread-15] INFO  o.s.b.w.e.tomcat.GracefulShutdown - Commencing graceful shutdown. Waiting for active requests to complete
2025-01-03 11:44:41 [tomcat-shutdown] INFO  o.a.coyote.http11.Http11NioProtocol - Pausing ProtocolHandler ["http-nio-9371"]
2025-01-03 11:44:41 [tomcat-shutdown] INFO  o.s.b.w.e.tomcat.GracefulShutdown - Graceful shutdown complete
2025-01-03 11:44:41 [Thread-15] INFO  o.a.coyote.http11.Http11NioProtocol - Stopping ProtocolHandler ["http-nio-9371"]
2025-01-03 11:44:41 [restartedMain] INFO  m._.a.ApiSpringDefaultApplication - Starting ApiSpringDefaultApplication using Java 17.0.6 with PID 310332 (D:\workspace\java\my_api\project\api_spring_default\bin\main started by EXC in D:\workspace\java\my_api\project\api_spring_default)
2025-01-03 11:44:41 [restartedMain] INFO  m._.a.ApiSpringDefaultApplication - No active profile set, falling back to 1 default profile: "default"
2025-01-03 11:44:41 [restartedMain] INFO  o.s.b.w.e.tomcat.TomcatWebServer - Tomcat initialized with port 9371 (http)
2025-01-03 11:44:41 [restartedMain] INFO  o.a.coyote.http11.Http11NioProtocol - Initializing ProtocolHandler ["http-nio-9371"]
2025-01-03 11:44:41 [restartedMain] INFO  o.a.catalina.core.StandardService - Starting service [Tomcat]
2025-01-03 11:44:41 [restartedMain] INFO  o.a.catalina.core.StandardEngine - Starting Servlet engine: [Apache Tomcat/10.1.34]
2025-01-03 11:44:41 [restartedMain] INFO  o.a.c.c.C.[Tomcat].[localhost].[/] - Initializing Spring embedded WebApplicationContext
2025-01-03 11:44:41 [restartedMain] INFO  o.s.b.w.s.c.ServletWebServerApplicationContext - Root WebApplicationContext: initialization completed in 104 ms
2025-01-03 11:44:41 [restartedMain] INFO  o.s.b.a.w.s.WelcomePageHandlerMapping - Adding welcome page: class path resource [static/index.html]
2025-01-03 11:44:41 [restartedMain] INFO  o.s.b.d.a.OptionalLiveReloadServer - LiveReload server is running on port 35729
2025-01-03 11:44:41 [restartedMain] INFO  o.a.coyote.http11.Http11NioProtocol - Starting ProtocolHandler ["http-nio-9371"]
2025-01-03 11:44:41 [restartedMain] INFO  o.s.b.w.e.tomcat.TomcatWebServer - Tomcat started on port 9371 (http) with context path '/'
2025-01-03 11:44:41 [restartedMain] INFO  m._.a.ApiSpringDefaultApplication - Started ApiSpringDefaultApplication in 0.204 seconds (process running for 161.791)
2025-01-03 11:44:41 [restartedMain] INFO  o.s.b.d.a.ConditionEvaluationDeltaLoggingListener - Condition evaluation unchanged
2025-01-03 11:44:43 [http-nio-9371-exec-1] INFO  o.a.c.c.C.[Tomcat].[localhost].[/] - Initializing Spring DispatcherServlet 'dispatcherServlet'
2025-01-03 11:44:43 [http-nio-9371-exec-1] INFO  o.s.web.servlet.DispatcherServlet - Initializing Servlet 'dispatcherServlet'
2025-01-03 11:44:43 [http-nio-9371-exec-1] INFO  o.s.web.servlet.DispatcherServlet - Completed initialization in 1 ms
2025-01-03 11:44:43 [http-nio-9371-exec-1] INFO  m._.a.service.FileService - logintest
2025-01-03 11:44:43 [http-nio-9371-exec-1] INFO  com.zaxxer.hikari.HikariDataSource - HikariPool-4 - Starting...
2025-01-03 11:44:43 [http-nio-9371-exec-1] INFO  com.zaxxer.hikari.pool.HikariPool - HikariPool-4 - Added connection org.mariadb.jdbc.Connection@57dabcb6
2025-01-03 11:44:43 [http-nio-9371-exec-1] INFO  com.zaxxer.hikari.HikariDataSource - HikariPool-4 - Start completed.
2025-01-03 13:22:47 [File Watcher] INFO  o.s.b.d.a.LocalDevToolsAutoConfiguration$RestartingClassPathChangeChangedEventListener - Restarting due to 1 class path change (0 additions, 0 deletions, 1 modification)
2025-01-03 13:22:47 [Thread-19] INFO  o.s.b.w.e.tomcat.GracefulShutdown - Commencing graceful shutdown. Waiting for active requests to complete
2025-01-03 13:22:47 [tomcat-shutdown] INFO  o.a.coyote.http11.Http11NioProtocol - Pausing ProtocolHandler ["http-nio-9371"]
2025-01-03 13:22:48 [tomcat-shutdown] INFO  o.s.b.w.e.tomcat.GracefulShutdown - Graceful shutdown complete
2025-01-03 13:22:48 [Thread-19] INFO  o.a.coyote.http11.Http11NioProtocol - Stopping ProtocolHandler ["http-nio-9371"]
2025-01-03 13:22:48 [Thread-19] INFO  com.zaxxer.hikari.HikariDataSource - HikariPool-4 - Shutdown initiated...
2025-01-03 13:22:48 [Thread-19] INFO  com.zaxxer.hikari.HikariDataSource - HikariPool-4 - Shutdown completed.
2025-01-03 13:22:48 [restartedMain] INFO  m._.a.ApiSpringDefaultApplication - Starting ApiSpringDefaultApplication using Java 17.0.6 with PID 310332 (D:\workspace\java\my_api\project\api_spring_default\bin\main started by EXC in D:\workspace\java\my_api\project\api_spring_default)
2025-01-03 13:22:48 [restartedMain] INFO  m._.a.ApiSpringDefaultApplication - No active profile set, falling back to 1 default profile: "default"
2025-01-03 13:22:48 [restartedMain] INFO  o.s.b.w.e.tomcat.TomcatWebServer - Tomcat initialized with port 9371 (http)
2025-01-03 13:22:48 [restartedMain] INFO  o.a.coyote.http11.Http11NioProtocol - Initializing ProtocolHandler ["http-nio-9371"]
2025-01-03 13:22:48 [restartedMain] INFO  o.a.catalina.core.StandardService - Starting service [Tomcat]
2025-01-03 13:22:48 [restartedMain] INFO  o.a.catalina.core.StandardEngine - Starting Servlet engine: [Apache Tomcat/10.1.34]
2025-01-03 13:22:48 [restartedMain] INFO  o.a.c.c.C.[Tomcat].[localhost].[/] - Initializing Spring embedded WebApplicationContext
2025-01-03 13:22:48 [restartedMain] INFO  o.s.b.w.s.c.ServletWebServerApplicationContext - Root WebApplicationContext: initialization completed in 110 ms
2025-01-03 13:22:48 [restartedMain] INFO  o.s.b.a.w.s.WelcomePageHandlerMapping - Adding welcome page: class path resource [static/index.html]
2025-01-03 13:22:48 [restartedMain] INFO  o.s.b.d.a.OptionalLiveReloadServer - LiveReload server is running on port 35729
2025-01-03 13:22:48 [restartedMain] INFO  o.a.coyote.http11.Http11NioProtocol - Starting ProtocolHandler ["http-nio-9371"]
2025-01-03 13:22:48 [restartedMain] INFO  o.s.b.w.e.tomcat.TomcatWebServer - Tomcat started on port 9371 (http) with context path '/'
2025-01-03 13:22:48 [restartedMain] INFO  m._.a.ApiSpringDefaultApplication - Started ApiSpringDefaultApplication in 0.213 seconds (process running for 6048.103)
2025-01-03 13:22:48 [restartedMain] INFO  o.s.b.d.a.ConditionEvaluationDeltaLoggingListener - Condition evaluation unchanged
2025-01-03 13:22:54 [File Watcher] INFO  o.s.b.d.a.LocalDevToolsAutoConfiguration$RestartingClassPathChangeChangedEventListener - Restarting due to 1 class path change (0 additions, 0 deletions, 1 modification)
2025-01-03 13:22:54 [Thread-23] INFO  o.s.b.w.e.tomcat.GracefulShutdown - Commencing graceful shutdown. Waiting for active requests to complete
2025-01-03 13:22:54 [tomcat-shutdown] INFO  o.a.coyote.http11.Http11NioProtocol - Pausing ProtocolHandler ["http-nio-9371"]
2025-01-03 13:22:54 [tomcat-shutdown] INFO  o.s.b.w.e.tomcat.GracefulShutdown - Graceful shutdown complete
2025-01-03 13:22:54 [Thread-23] INFO  o.a.coyote.http11.Http11NioProtocol - Stopping ProtocolHandler ["http-nio-9371"]
2025-01-03 13:22:55 [restartedMain] INFO  m._.a.ApiSpringDefaultApplication - Starting ApiSpringDefaultApplication using Java 17.0.6 with PID 310332 (D:\workspace\java\my_api\project\api_spring_default\bin\main started by EXC in D:\workspace\java\my_api\project\api_spring_default)
2025-01-03 13:22:55 [restartedMain] INFO  m._.a.ApiSpringDefaultApplication - No active profile set, falling back to 1 default profile: "default"
2025-01-03 13:22:55 [restartedMain] INFO  o.s.b.w.e.tomcat.TomcatWebServer - Tomcat initialized with port 9371 (http)
2025-01-03 13:22:55 [restartedMain] INFO  o.a.coyote.http11.Http11NioProtocol - Initializing ProtocolHandler ["http-nio-9371"]
2025-01-03 13:22:55 [restartedMain] INFO  o.a.catalina.core.StandardService - Starting service [Tomcat]
2025-01-03 13:22:55 [restartedMain] INFO  o.a.catalina.core.StandardEngine - Starting Servlet engine: [Apache Tomcat/10.1.34]
2025-01-03 13:22:55 [restartedMain] INFO  o.a.c.c.C.[Tomcat].[localhost].[/] - Initializing Spring embedded WebApplicationContext
2025-01-03 13:22:55 [restartedMain] INFO  o.s.b.w.s.c.ServletWebServerApplicationContext - Root WebApplicationContext: initialization completed in 106 ms
2025-01-03 13:22:55 [restartedMain] INFO  o.s.b.a.w.s.WelcomePageHandlerMapping - Adding welcome page: class path resource [static/index.html]
2025-01-03 13:22:55 [restartedMain] INFO  o.s.b.d.a.OptionalLiveReloadServer - LiveReload server is running on port 35729
2025-01-03 13:22:55 [restartedMain] INFO  o.a.coyote.http11.Http11NioProtocol - Starting ProtocolHandler ["http-nio-9371"]
2025-01-03 13:22:55 [restartedMain] INFO  o.s.b.w.e.tomcat.TomcatWebServer - Tomcat started on port 9371 (http) with context path '/'
2025-01-03 13:22:55 [restartedMain] INFO  m._.a.ApiSpringDefaultApplication - Started ApiSpringDefaultApplication in 0.2 seconds (process running for 6055.032)
2025-01-03 13:22:55 [restartedMain] INFO  o.s.b.d.a.ConditionEvaluationDeltaLoggingListener - Condition evaluation unchanged
2025-01-03 13:22:56 [RMI TCP Connection(104)-127.0.0.1] INFO  o.s.b.a.SpringApplicationAdminMXBeanRegistrar$SpringApplicationAdmin - Application shutdown requested.
2025-01-03 13:22:56 [RMI TCP Connection(104)-127.0.0.1] INFO  o.s.b.w.e.tomcat.GracefulShutdown - Commencing graceful shutdown. Waiting for active requests to complete
2025-01-03 13:22:56 [tomcat-shutdown] INFO  o.a.coyote.http11.Http11NioProtocol - Pausing ProtocolHandler ["http-nio-9371"]
2025-01-03 13:22:56 [tomcat-shutdown] INFO  o.s.b.w.e.tomcat.GracefulShutdown - Graceful shutdown complete
2025-01-03 13:22:56 [RMI TCP Connection(104)-127.0.0.1] INFO  o.a.coyote.http11.Http11NioProtocol - Stopping ProtocolHandler ["http-nio-9371"]
2025-01-03 15:42:19 [restartedMain] INFO  m._.a.ApiSpringDefaultApplication - Starting ApiSpringDefaultApplication using Java 17.0.6 with PID 407484 (D:\workspace\java\my_api\project\api_spring_default\bin\main started by EXC in D:\workspace\java\my_api\project\api_spring_default)
2025-01-03 15:42:19 [restartedMain] INFO  m._.a.ApiSpringDefaultApplication - No active profile set, falling back to 1 default profile: "default"
2025-01-03 15:42:19 [restartedMain] INFO  o.s.b.d.e.DevToolsPropertyDefaultsPostProcessor - Devtools property defaults active! Set 'spring.devtools.add-properties' to 'false' to disable
2025-01-03 15:42:19 [restartedMain] INFO  o.s.b.d.e.DevToolsPropertyDefaultsPostProcessor - For additional web related logging consider setting the 'logging.level.web' property to 'DEBUG'
2025-01-03 15:42:20 [restartedMain] INFO  o.s.b.w.e.tomcat.TomcatWebServer - Tomcat initialized with port 9371 (http)
2025-01-03 15:42:20 [restartedMain] INFO  o.a.coyote.http11.Http11NioProtocol - Initializing ProtocolHandler ["http-nio-9371"]
2025-01-03 15:42:20 [restartedMain] INFO  o.a.catalina.core.StandardService - Starting service [Tomcat]
2025-01-03 15:42:20 [restartedMain] INFO  o.a.catalina.core.StandardEngine - Starting Servlet engine: [Apache Tomcat/10.1.34]
2025-01-03 15:42:20 [restartedMain] INFO  o.a.c.c.C.[Tomcat].[localhost].[/] - Initializing Spring embedded WebApplicationContext
2025-01-03 15:42:20 [restartedMain] INFO  o.s.b.w.s.c.ServletWebServerApplicationContext - Root WebApplicationContext: initialization completed in 611 ms
2025-01-03 15:42:20 [restartedMain] INFO  o.s.b.a.w.s.WelcomePageHandlerMapping - Adding welcome page: class path resource [static/index.html]
2025-01-03 15:42:20 [restartedMain] INFO  o.s.b.d.a.OptionalLiveReloadServer - LiveReload server is running on port 35729
2025-01-03 15:42:20 [restartedMain] INFO  o.a.coyote.http11.Http11NioProtocol - Starting ProtocolHandler ["http-nio-9371"]
2025-01-03 15:42:20 [restartedMain] INFO  o.s.b.w.e.tomcat.TomcatWebServer - Tomcat started on port 9371 (http) with context path '/'
2025-01-03 15:42:20 [restartedMain] INFO  m._.a.ApiSpringDefaultApplication - Started ApiSpringDefaultApplication in 1.196 seconds (process running for 1.823)
2025-01-03 15:42:21 [http-nio-9371-exec-1] INFO  o.a.c.c.C.[Tomcat].[localhost].[/] - Initializing Spring DispatcherServlet 'dispatcherServlet'
2025-01-03 15:42:21 [http-nio-9371-exec-1] INFO  o.s.web.servlet.DispatcherServlet - Initializing Servlet 'dispatcherServlet'
2025-01-03 15:42:21 [http-nio-9371-exec-1] INFO  o.s.web.servlet.DispatcherServlet - Completed initialization in 1 ms
2025-01-03 15:42:21 [http-nio-9371-exec-1] INFO  m._.a.service.FileService - logintest
2025-01-03 15:42:21 [http-nio-9371-exec-1] INFO  com.zaxxer.hikari.HikariDataSource - HikariPool-1 - Starting...
2025-01-03 15:42:29 [http-nio-9371-exec-2] INFO  m._.a.service.FileService - logintest
2025-01-03 15:42:29 [http-nio-9371-exec-2] INFO  com.zaxxer.hikari.HikariDataSource - HikariPool-1 - Starting...
2025-01-03 15:43:19 [File Watcher] INFO  o.s.b.d.a.LocalDevToolsAutoConfiguration$RestartingClassPathChangeChangedEventListener - Restarting due to 1 class path change (0 additions, 0 deletions, 1 modification)
2025-01-03 15:43:19 [Thread-5] INFO  o.s.b.w.e.tomcat.GracefulShutdown - Commencing graceful shutdown. Waiting for active requests to complete
2025-01-03 15:43:19 [tomcat-shutdown] INFO  o.a.coyote.http11.Http11NioProtocol - Pausing ProtocolHandler ["http-nio-9371"]
2025-01-03 15:43:19 [tomcat-shutdown] INFO  o.s.b.w.e.tomcat.GracefulShutdown - Graceful shutdown complete
2025-01-03 15:43:19 [Thread-5] INFO  o.a.coyote.http11.Http11NioProtocol - Stopping ProtocolHandler ["http-nio-9371"]
2025-01-03 15:43:20 [restartedMain] INFO  m._.a.ApiSpringDefaultApplication - Starting ApiSpringDefaultApplication using Java 17.0.6 with PID 407484 (D:\workspace\java\my_api\project\api_spring_default\bin\main started by EXC in D:\workspace\java\my_api\project\api_spring_default)
2025-01-03 15:43:20 [restartedMain] INFO  m._.a.ApiSpringDefaultApplication - No active profile set, falling back to 1 default profile: "default"
2025-01-03 15:43:20 [restartedMain] INFO  o.s.b.w.e.tomcat.TomcatWebServer - Tomcat initialized with port 9371 (http)
2025-01-03 15:43:20 [restartedMain] INFO  o.a.coyote.http11.Http11NioProtocol - Initializing ProtocolHandler ["http-nio-9371"]
2025-01-03 15:43:20 [restartedMain] INFO  o.a.catalina.core.StandardService - Starting service [Tomcat]
2025-01-03 15:43:20 [restartedMain] INFO  o.a.catalina.core.StandardEngine - Starting Servlet engine: [Apache Tomcat/10.1.34]
2025-01-03 15:43:20 [restartedMain] INFO  o.a.c.c.C.[Tomcat].[localhost].[/] - Initializing Spring embedded WebApplicationContext
2025-01-03 15:43:20 [restartedMain] INFO  o.s.b.w.s.c.ServletWebServerApplicationContext - Root WebApplicationContext: initialization completed in 146 ms
2025-01-03 15:43:20 [restartedMain] INFO  o.s.b.a.w.s.WelcomePageHandlerMapping - Adding welcome page: class path resource [static/index.html]
2025-01-03 15:43:20 [restartedMain] INFO  o.s.b.d.a.OptionalLiveReloadServer - LiveReload server is running on port 35729
2025-01-03 15:43:20 [restartedMain] INFO  o.a.coyote.http11.Http11NioProtocol - Starting ProtocolHandler ["http-nio-9371"]
2025-01-03 15:43:20 [restartedMain] INFO  o.s.b.w.e.tomcat.TomcatWebServer - Tomcat started on port 9371 (http) with context path '/'
2025-01-03 15:43:20 [restartedMain] INFO  m._.a.ApiSpringDefaultApplication - Started ApiSpringDefaultApplication in 0.278 seconds (process running for 61.654)
2025-01-03 15:43:20 [restartedMain] INFO  o.s.b.d.a.ConditionEvaluationDeltaLoggingListener - Condition evaluation unchanged
2025-01-03 15:43:21 [http-nio-9371-exec-1] INFO  o.a.c.c.C.[Tomcat].[localhost].[/] - Initializing Spring DispatcherServlet 'dispatcherServlet'
2025-01-03 15:43:21 [http-nio-9371-exec-1] INFO  o.s.web.servlet.DispatcherServlet - Initializing Servlet 'dispatcherServlet'
2025-01-03 15:43:21 [http-nio-9371-exec-1] INFO  o.s.web.servlet.DispatcherServlet - Completed initialization in 1 ms
2025-01-03 15:43:21 [http-nio-9371-exec-1] INFO  m._.a.service.FileService - logintest
2025-01-03 15:43:21 [http-nio-9371-exec-1] INFO  com.zaxxer.hikari.HikariDataSource - HikariPool-2 - Starting...
2025-01-03 15:43:21 [http-nio-9371-exec-1] INFO  com.zaxxer.hikari.pool.HikariPool - HikariPool-2 - Added connection org.mariadb.jdbc.Connection@2f262f13
2025-01-03 15:43:21 [http-nio-9371-exec-1] INFO  com.zaxxer.hikari.HikariDataSource - HikariPool-2 - Start completed.
2025-01-03 15:47:13 [File Watcher] INFO  o.s.b.d.a.LocalDevToolsAutoConfiguration$RestartingClassPathChangeChangedEventListener - Restarting due to 1 class path change (1 addition, 0 deletions, 0 modifications)
2025-01-03 15:47:13 [Thread-7] INFO  o.s.b.w.e.tomcat.GracefulShutdown - Commencing graceful shutdown. Waiting for active requests to complete
2025-01-03 15:47:13 [tomcat-shutdown] INFO  o.a.coyote.http11.Http11NioProtocol - Pausing ProtocolHandler ["http-nio-9371"]
2025-01-03 15:47:13 [tomcat-shutdown] INFO  o.s.b.w.e.tomcat.GracefulShutdown - Graceful shutdown complete
2025-01-03 15:47:13 [Thread-7] INFO  o.a.coyote.http11.Http11NioProtocol - Stopping ProtocolHandler ["http-nio-9371"]
2025-01-03 15:47:13 [Thread-7] INFO  com.zaxxer.hikari.HikariDataSource - HikariPool-2 - Shutdown initiated...
2025-01-03 15:47:13 [Thread-7] INFO  com.zaxxer.hikari.HikariDataSource - HikariPool-2 - Shutdown completed.
2025-01-03 15:47:13 [restartedMain] INFO  m._.a.ApiSpringDefaultApplication - Starting ApiSpringDefaultApplication using Java 17.0.6 with PID 407484 (D:\workspace\java\my_api\project\api_spring_default\bin\main started by EXC in D:\workspace\java\my_api\project\api_spring_default)
2025-01-03 15:47:13 [restartedMain] INFO  m._.a.ApiSpringDefaultApplication - No active profile set, falling back to 1 default profile: "default"
2025-01-03 15:47:13 [restartedMain] INFO  o.s.b.w.e.tomcat.TomcatWebServer - Tomcat initialized with port 9371 (http)
2025-01-03 15:47:13 [restartedMain] INFO  o.a.coyote.http11.Http11NioProtocol - Initializing ProtocolHandler ["http-nio-9371"]
2025-01-03 15:47:13 [restartedMain] INFO  o.a.catalina.core.StandardService - Starting service [Tomcat]
2025-01-03 15:47:13 [restartedMain] INFO  o.a.catalina.core.StandardEngine - Starting Servlet engine: [Apache Tomcat/10.1.34]
2025-01-03 15:47:13 [restartedMain] INFO  o.a.c.c.C.[Tomcat].[localhost].[/] - Initializing Spring embedded WebApplicationContext
2025-01-03 15:47:13 [restartedMain] INFO  o.s.b.w.s.c.ServletWebServerApplicationContext - Root WebApplicationContext: initialization completed in 117 ms
2025-01-03 15:47:13 [restartedMain] INFO  o.s.b.a.w.s.WelcomePageHandlerMapping - Adding welcome page: class path resource [static/index.html]
2025-01-03 15:47:13 [restartedMain] INFO  o.s.b.d.a.OptionalLiveReloadServer - LiveReload server is running on port 35729
2025-01-03 15:47:13 [restartedMain] INFO  o.a.coyote.http11.Http11NioProtocol - Starting ProtocolHandler ["http-nio-9371"]
2025-01-03 15:47:13 [restartedMain] INFO  o.s.b.w.e.tomcat.TomcatWebServer - Tomcat started on port 9371 (http) with context path '/'
2025-01-03 15:47:13 [restartedMain] INFO  m._.a.ApiSpringDefaultApplication - Started ApiSpringDefaultApplication in 0.219 seconds (process running for 295.232)
2025-01-03 15:47:13 [restartedMain] INFO  o.s.b.d.a.ConditionEvaluationDeltaLoggingListener - Condition evaluation unchanged
2025-01-03 15:47:21 [File Watcher] INFO  o.s.b.d.a.LocalDevToolsAutoConfiguration$RestartingClassPathChangeChangedEventListener - Restarting due to 1 class path change (0 additions, 0 deletions, 1 modification)
2025-01-03 15:47:21 [Thread-11] INFO  o.s.b.w.e.tomcat.GracefulShutdown - Commencing graceful shutdown. Waiting for active requests to complete
2025-01-03 15:47:21 [tomcat-shutdown] INFO  o.a.coyote.http11.Http11NioProtocol - Pausing ProtocolHandler ["http-nio-9371"]
2025-01-03 15:47:21 [tomcat-shutdown] INFO  o.s.b.w.e.tomcat.GracefulShutdown - Graceful shutdown complete
2025-01-03 15:47:21 [Thread-11] INFO  o.a.coyote.http11.Http11NioProtocol - Stopping ProtocolHandler ["http-nio-9371"]
2025-01-03 15:47:21 [restartedMain] INFO  m._.a.ApiSpringDefaultApplication - Starting ApiSpringDefaultApplication using Java 17.0.6 with PID 407484 (D:\workspace\java\my_api\project\api_spring_default\bin\main started by EXC in D:\workspace\java\my_api\project\api_spring_default)
2025-01-03 15:47:22 [restartedMain] INFO  m._.a.ApiSpringDefaultApplication - No active profile set, falling back to 1 default profile: "default"
2025-01-03 15:47:22 [restartedMain] INFO  o.s.b.w.e.tomcat.TomcatWebServer - Tomcat initialized with port 9371 (http)
2025-01-03 15:47:22 [restartedMain] INFO  o.a.coyote.http11.Http11NioProtocol - Initializing ProtocolHandler ["http-nio-9371"]
2025-01-03 15:47:22 [restartedMain] INFO  o.a.catalina.core.StandardService - Starting service [Tomcat]
2025-01-03 15:47:22 [restartedMain] INFO  o.a.catalina.core.StandardEngine - Starting Servlet engine: [Apache Tomcat/10.1.34]
2025-01-03 15:47:22 [restartedMain] INFO  o.a.c.c.C.[Tomcat].[localhost].[/] - Initializing Spring embedded WebApplicationContext
2025-01-03 15:47:22 [restartedMain] INFO  o.s.b.w.s.c.ServletWebServerApplicationContext - Root WebApplicationContext: initialization completed in 108 ms
2025-01-03 15:47:22 [restartedMain] INFO  o.s.b.a.w.s.WelcomePageHandlerMapping - Adding welcome page: class path resource [static/index.html]
2025-01-03 15:47:22 [restartedMain] INFO  o.s.b.d.a.OptionalLiveReloadServer - LiveReload server is running on port 35729
2025-01-03 15:47:22 [restartedMain] INFO  o.a.coyote.http11.Http11NioProtocol - Starting ProtocolHandler ["http-nio-9371"]
2025-01-03 15:47:22 [restartedMain] INFO  o.s.b.w.e.tomcat.TomcatWebServer - Tomcat started on port 9371 (http) with context path '/'
2025-01-03 15:47:22 [restartedMain] INFO  m._.a.ApiSpringDefaultApplication - Started ApiSpringDefaultApplication in 0.202 seconds (process running for 303.573)
2025-01-03 15:47:22 [restartedMain] INFO  o.s.b.d.a.ConditionEvaluationDeltaLoggingListener - Condition evaluation unchanged
2025-01-03 15:47:41 [File Watcher] INFO  o.s.b.d.a.LocalDevToolsAutoConfiguration$RestartingClassPathChangeChangedEventListener - Restarting due to 1 class path change (0 additions, 0 deletions, 1 modification)
2025-01-03 15:47:41 [Thread-15] INFO  o.s.b.w.e.tomcat.GracefulShutdown - Commencing graceful shutdown. Waiting for active requests to complete
2025-01-03 15:47:41 [tomcat-shutdown] INFO  o.a.coyote.http11.Http11NioProtocol - Pausing ProtocolHandler ["http-nio-9371"]
2025-01-03 15:47:42 [tomcat-shutdown] INFO  o.s.b.w.e.tomcat.GracefulShutdown - Graceful shutdown complete
2025-01-03 15:47:42 [Thread-15] INFO  o.a.coyote.http11.Http11NioProtocol - Stopping ProtocolHandler ["http-nio-9371"]
2025-01-03 15:47:42 [restartedMain] INFO  m._.a.ApiSpringDefaultApplication - Starting ApiSpringDefaultApplication using Java 17.0.6 with PID 407484 (D:\workspace\java\my_api\project\api_spring_default\bin\main started by EXC in D:\workspace\java\my_api\project\api_spring_default)
2025-01-03 15:47:42 [restartedMain] INFO  m._.a.ApiSpringDefaultApplication - No active profile set, falling back to 1 default profile: "default"
2025-01-03 15:47:42 [restartedMain] INFO  o.s.b.w.e.tomcat.TomcatWebServer - Tomcat initialized with port 9371 (http)
2025-01-03 15:47:42 [restartedMain] INFO  o.a.coyote.http11.Http11NioProtocol - Initializing ProtocolHandler ["http-nio-9371"]
2025-01-03 15:47:42 [restartedMain] INFO  o.a.catalina.core.StandardService - Starting service [Tomcat]
2025-01-03 15:47:42 [restartedMain] INFO  o.a.catalina.core.StandardEngine - Starting Servlet engine: [Apache Tomcat/10.1.34]
2025-01-03 15:47:42 [restartedMain] INFO  o.a.c.c.C.[Tomcat].[localhost].[/] - Initializing Spring embedded WebApplicationContext
2025-01-03 15:47:42 [restartedMain] INFO  o.s.b.w.s.c.ServletWebServerApplicationContext - Root WebApplicationContext: initialization completed in 110 ms
2025-01-03 15:47:42 [restartedMain] INFO  o.a.catalina.core.StandardService - Stopping service [Tomcat]
2025-01-03 15:48:27 [restartedMain] INFO  m._.a.ApiSpringDefaultApplication - Starting ApiSpringDefaultApplication using Java 17.0.6 with PID 411672 (D:\workspace\java\my_api\project\api_spring_default\bin\main started by EXC in D:\workspace\java\my_api\project\api_spring_default)
2025-01-03 15:48:27 [restartedMain] INFO  m._.a.ApiSpringDefaultApplication - No active profile set, falling back to 1 default profile: "default"
2025-01-03 15:48:27 [restartedMain] INFO  o.s.b.d.e.DevToolsPropertyDefaultsPostProcessor - Devtools property defaults active! Set 'spring.devtools.add-properties' to 'false' to disable
2025-01-03 15:48:27 [restartedMain] INFO  o.s.b.d.e.DevToolsPropertyDefaultsPostProcessor - For additional web related logging consider setting the 'logging.level.web' property to 'DEBUG'
2025-01-03 15:48:27 [restartedMain] INFO  o.s.b.w.e.tomcat.TomcatWebServer - Tomcat initialized with port 9371 (http)
2025-01-03 15:48:27 [restartedMain] INFO  o.a.coyote.http11.Http11NioProtocol - Initializing ProtocolHandler ["http-nio-9371"]
2025-01-03 15:48:27 [restartedMain] INFO  o.a.catalina.core.StandardService - Starting service [Tomcat]
2025-01-03 15:48:27 [restartedMain] INFO  o.a.catalina.core.StandardEngine - Starting Servlet engine: [Apache Tomcat/10.1.34]
2025-01-03 15:48:27 [restartedMain] INFO  o.a.c.c.C.[Tomcat].[localhost].[/] - Initializing Spring embedded WebApplicationContext
2025-01-03 15:48:27 [restartedMain] INFO  o.s.b.w.s.c.ServletWebServerApplicationContext - Root WebApplicationContext: initialization completed in 602 ms
2025-01-03 15:48:27 [restartedMain] INFO  o.a.catalina.core.StandardService - Stopping service [Tomcat]
2025-01-03 15:48:58 [restartedMain] INFO  m._.a.ApiSpringDefaultApplication - Starting ApiSpringDefaultApplication using Java 17.0.6 with PID 383104 (D:\workspace\java\my_api\project\api_spring_default\bin\main started by EXC in D:\workspace\java\my_api\project\api_spring_default)
2025-01-03 15:48:58 [restartedMain] INFO  m._.a.ApiSpringDefaultApplication - No active profile set, falling back to 1 default profile: "default"
2025-01-03 15:48:58 [restartedMain] INFO  o.s.b.d.e.DevToolsPropertyDefaultsPostProcessor - Devtools property defaults active! Set 'spring.devtools.add-properties' to 'false' to disable
2025-01-03 15:48:58 [restartedMain] INFO  o.s.b.d.e.DevToolsPropertyDefaultsPostProcessor - For additional web related logging consider setting the 'logging.level.web' property to 'DEBUG'
2025-01-03 15:48:58 [restartedMain] INFO  o.s.b.w.e.tomcat.TomcatWebServer - Tomcat initialized with port 9371 (http)
2025-01-03 15:48:58 [restartedMain] INFO  o.a.coyote.http11.Http11NioProtocol - Initializing ProtocolHandler ["http-nio-9371"]
2025-01-03 15:48:58 [restartedMain] INFO  o.a.catalina.core.StandardService - Starting service [Tomcat]
2025-01-03 15:48:58 [restartedMain] INFO  o.a.catalina.core.StandardEngine - Starting Servlet engine: [Apache Tomcat/10.1.34]
2025-01-03 15:48:58 [restartedMain] INFO  o.a.c.c.C.[Tomcat].[localhost].[/] - Initializing Spring embedded WebApplicationContext
2025-01-03 15:48:58 [restartedMain] INFO  o.s.b.w.s.c.ServletWebServerApplicationContext - Root WebApplicationContext: initialization completed in 601 ms
2025-01-03 15:48:58 [restartedMain] INFO  o.a.catalina.core.StandardService - Stopping service [Tomcat]
2025-01-03 15:49:07 [restartedMain] INFO  m._.a.ApiSpringDefaultApplication - Starting ApiSpringDefaultApplication using Java 17.0.6 with PID 414052 (D:\workspace\java\my_api\project\api_spring_default\bin\main started by EXC in D:\workspace\java\my_api\project\api_spring_default)
2025-01-03 15:49:07 [restartedMain] INFO  m._.a.ApiSpringDefaultApplication - No active profile set, falling back to 1 default profile: "default"
2025-01-03 15:49:07 [restartedMain] INFO  o.s.b.d.e.DevToolsPropertyDefaultsPostProcessor - Devtools property defaults active! Set 'spring.devtools.add-properties' to 'false' to disable
2025-01-03 15:49:07 [restartedMain] INFO  o.s.b.d.e.DevToolsPropertyDefaultsPostProcessor - For additional web related logging consider setting the 'logging.level.web' property to 'DEBUG'
2025-01-03 15:49:07 [restartedMain] INFO  o.s.b.w.e.tomcat.TomcatWebServer - Tomcat initialized with port 9371 (http)
2025-01-03 15:49:07 [restartedMain] INFO  o.a.coyote.http11.Http11NioProtocol - Initializing ProtocolHandler ["http-nio-9371"]
2025-01-03 15:49:07 [restartedMain] INFO  o.a.catalina.core.StandardService - Starting service [Tomcat]
2025-01-03 15:49:07 [restartedMain] INFO  o.a.catalina.core.StandardEngine - Starting Servlet engine: [Apache Tomcat/10.1.34]
2025-01-03 15:49:07 [restartedMain] INFO  o.a.c.c.C.[Tomcat].[localhost].[/] - Initializing Spring embedded WebApplicationContext
2025-01-03 15:49:07 [restartedMain] INFO  o.s.b.w.s.c.ServletWebServerApplicationContext - Root WebApplicationContext: initialization completed in 590 ms
2025-01-03 15:49:07 [restartedMain] INFO  o.s.b.a.w.s.WelcomePageHandlerMapping - Adding welcome page: class path resource [static/index.html]
2025-01-03 15:49:08 [restartedMain] INFO  o.s.b.d.a.OptionalLiveReloadServer - LiveReload server is running on port 35729
2025-01-03 15:49:08 [restartedMain] INFO  o.a.coyote.http11.Http11NioProtocol - Starting ProtocolHandler ["http-nio-9371"]
2025-01-03 15:49:08 [restartedMain] INFO  o.s.b.w.e.tomcat.TomcatWebServer - Tomcat started on port 9371 (http) with context path '/'
2025-01-03 15:49:08 [restartedMain] INFO  m._.a.ApiSpringDefaultApplication - Started ApiSpringDefaultApplication in 1.215 seconds (process running for 1.766)
2025-01-03 15:49:24 [File Watcher] INFO  o.s.b.d.a.LocalDevToolsAutoConfiguration$RestartingClassPathChangeChangedEventListener - Restarting due to 1 class path change (0 additions, 1 deletion, 0 modifications)
2025-01-03 15:49:24 [Thread-5] INFO  o.s.b.w.e.tomcat.GracefulShutdown - Commencing graceful shutdown. Waiting for active requests to complete
2025-01-03 15:49:24 [tomcat-shutdown] INFO  o.a.coyote.http11.Http11NioProtocol - Pausing ProtocolHandler ["http-nio-9371"]
2025-01-03 15:49:24 [tomcat-shutdown] INFO  o.s.b.w.e.tomcat.GracefulShutdown - Graceful shutdown complete
2025-01-03 15:49:24 [Thread-5] INFO  o.a.coyote.http11.Http11NioProtocol - Stopping ProtocolHandler ["http-nio-9371"]
2025-01-03 15:49:25 [restartedMain] INFO  m._.a.ApiSpringDefaultApplication - Starting ApiSpringDefaultApplication using Java 17.0.6 with PID 414052 (D:\workspace\java\my_api\project\api_spring_default\bin\main started by EXC in D:\workspace\java\my_api\project\api_spring_default)
2025-01-03 15:49:25 [restartedMain] INFO  m._.a.ApiSpringDefaultApplication - No active profile set, falling back to 1 default profile: "default"
2025-01-03 15:49:25 [restartedMain] INFO  o.s.b.w.e.tomcat.TomcatWebServer - Tomcat initialized with port 9371 (http)
2025-01-03 15:49:25 [restartedMain] INFO  o.a.coyote.http11.Http11NioProtocol - Initializing ProtocolHandler ["http-nio-9371"]
2025-01-03 15:49:25 [restartedMain] INFO  o.a.catalina.core.StandardService - Starting service [Tomcat]
2025-01-03 15:49:25 [restartedMain] INFO  o.a.catalina.core.StandardEngine - Starting Servlet engine: [Apache Tomcat/10.1.34]
2025-01-03 15:49:25 [restartedMain] INFO  o.a.c.c.C.[Tomcat].[localhost].[/] - Initializing Spring embedded WebApplicationContext
2025-01-03 15:49:25 [restartedMain] INFO  o.s.b.w.s.c.ServletWebServerApplicationContext - Root WebApplicationContext: initialization completed in 121 ms
2025-01-03 15:49:25 [restartedMain] INFO  o.s.b.a.w.s.WelcomePageHandlerMapping - Adding welcome page: class path resource [static/index.html]
2025-01-03 15:49:25 [restartedMain] INFO  o.s.b.d.a.OptionalLiveReloadServer - LiveReload server is running on port 35729
2025-01-03 15:49:25 [restartedMain] INFO  o.a.coyote.http11.Http11NioProtocol - Starting ProtocolHandler ["http-nio-9371"]
2025-01-03 15:49:25 [restartedMain] INFO  o.s.b.w.e.tomcat.TomcatWebServer - Tomcat started on port 9371 (http) with context path '/'
2025-01-03 15:49:25 [restartedMain] INFO  m._.a.ApiSpringDefaultApplication - Started ApiSpringDefaultApplication in 0.229 seconds (process running for 18.852)
2025-01-03 15:49:25 [restartedMain] INFO  o.s.b.d.a.ConditionEvaluationDeltaLoggingListener - Condition evaluation unchanged
2025-01-03 15:49:48 [http-nio-9371-exec-1] INFO  o.a.c.c.C.[Tomcat].[localhost].[/] - Initializing Spring DispatcherServlet 'dispatcherServlet'
2025-01-03 15:49:48 [http-nio-9371-exec-1] INFO  o.s.web.servlet.DispatcherServlet - Initializing Servlet 'dispatcherServlet'
2025-01-03 15:49:48 [http-nio-9371-exec-1] INFO  o.s.web.servlet.DispatcherServlet - Completed initialization in 0 ms
2025-01-03 15:49:48 [http-nio-9371-exec-1] INFO  m._.a.service.FileService - logintest
2025-01-03 15:49:48 [http-nio-9371-exec-1] INFO  com.zaxxer.hikari.HikariDataSource - HikariPool-1 - Starting...
2025-01-03 15:49:48 [http-nio-9371-exec-1] INFO  com.zaxxer.hikari.pool.HikariPool - HikariPool-1 - Added connection org.mariadb.jdbc.Connection@d1f3c4
2025-01-03 15:49:48 [http-nio-9371-exec-1] INFO  com.zaxxer.hikari.HikariDataSource - HikariPool-1 - Start completed.
2025-01-03 15:51:53 [File Watcher] INFO  o.s.b.d.a.LocalDevToolsAutoConfiguration$RestartingClassPathChangeChangedEventListener - Restarting due to 1 class path change (0 additions, 0 deletions, 1 modification)
2025-01-03 15:51:53 [Thread-7] INFO  o.s.b.w.e.tomcat.GracefulShutdown - Commencing graceful shutdown. Waiting for active requests to complete
2025-01-03 15:51:53 [tomcat-shutdown] INFO  o.a.coyote.http11.Http11NioProtocol - Pausing ProtocolHandler ["http-nio-9371"]
2025-01-03 15:51:53 [tomcat-shutdown] INFO  o.s.b.w.e.tomcat.GracefulShutdown - Graceful shutdown complete
2025-01-03 15:51:53 [Thread-7] INFO  o.a.coyote.http11.Http11NioProtocol - Stopping ProtocolHandler ["http-nio-9371"]
2025-01-03 15:51:53 [Thread-7] INFO  com.zaxxer.hikari.HikariDataSource - HikariPool-1 - Shutdown initiated...
2025-01-03 15:51:53 [Thread-7] INFO  com.zaxxer.hikari.HikariDataSource - HikariPool-1 - Shutdown completed.
2025-01-03 15:51:53 [restartedMain] INFO  m._.a.ApiSpringDefaultApplication - Starting ApiSpringDefaultApplication using Java 17.0.6 with PID 414052 (D:\workspace\java\my_api\project\api_spring_default\bin\main started by EXC in D:\workspace\java\my_api\project\api_spring_default)
2025-01-03 15:51:53 [restartedMain] INFO  m._.a.ApiSpringDefaultApplication - No active profile set, falling back to 1 default profile: "default"
2025-01-03 15:51:53 [restartedMain] INFO  o.s.b.w.e.tomcat.TomcatWebServer - Tomcat initialized with port 9371 (http)
2025-01-03 15:51:53 [restartedMain] INFO  o.a.coyote.http11.Http11NioProtocol - Initializing ProtocolHandler ["http-nio-9371"]
2025-01-03 15:51:53 [restartedMain] INFO  o.a.catalina.core.StandardService - Starting service [Tomcat]
2025-01-03 15:51:53 [restartedMain] INFO  o.a.catalina.core.StandardEngine - Starting Servlet engine: [Apache Tomcat/10.1.34]
2025-01-03 15:51:53 [restartedMain] INFO  o.a.c.c.C.[Tomcat].[localhost].[/] - Initializing Spring embedded WebApplicationContext
2025-01-03 15:51:53 [restartedMain] INFO  o.s.b.w.s.c.ServletWebServerApplicationContext - Root WebApplicationContext: initialization completed in 116 ms
2025-01-03 15:51:53 [restartedMain] INFO  o.s.b.a.w.s.WelcomePageHandlerMapping - Adding welcome page: class path resource [static/index.html]
2025-01-03 15:51:53 [restartedMain] INFO  o.s.b.d.a.OptionalLiveReloadServer - LiveReload server is running on port 35729
2025-01-03 15:51:53 [restartedMain] INFO  o.a.coyote.http11.Http11NioProtocol - Starting ProtocolHandler ["http-nio-9371"]
2025-01-03 15:51:53 [restartedMain] INFO  o.s.b.w.e.tomcat.TomcatWebServer - Tomcat started on port 9371 (http) with context path '/'
2025-01-03 15:51:53 [restartedMain] INFO  m._.a.ApiSpringDefaultApplication - Started ApiSpringDefaultApplication in 0.215 seconds (process running for 167.588)
2025-01-03 15:51:53 [restartedMain] INFO  o.s.b.d.a.ConditionEvaluationDeltaLoggingListener - Condition evaluation unchanged
2025-01-03 15:51:59 [File Watcher] INFO  o.s.b.d.a.LocalDevToolsAutoConfiguration$RestartingClassPathChangeChangedEventListener - Restarting due to 1 class path change (0 additions, 0 deletions, 1 modification)
2025-01-03 15:51:59 [Thread-11] INFO  o.s.b.w.e.tomcat.GracefulShutdown - Commencing graceful shutdown. Waiting for active requests to complete
2025-01-03 15:51:59 [tomcat-shutdown] INFO  o.a.coyote.http11.Http11NioProtocol - Pausing ProtocolHandler ["http-nio-9371"]
2025-01-03 15:51:59 [tomcat-shutdown] INFO  o.s.b.w.e.tomcat.GracefulShutdown - Graceful shutdown complete
2025-01-03 15:51:59 [Thread-11] INFO  o.a.coyote.http11.Http11NioProtocol - Stopping ProtocolHandler ["http-nio-9371"]
2025-01-03 15:51:59 [restartedMain] INFO  m._.a.ApiSpringDefaultApplication - Starting ApiSpringDefaultApplication using Java 17.0.6 with PID 414052 (D:\workspace\java\my_api\project\api_spring_default\bin\main started by EXC in D:\workspace\java\my_api\project\api_spring_default)
2025-01-03 15:51:59 [restartedMain] INFO  m._.a.ApiSpringDefaultApplication - No active profile set, falling back to 1 default profile: "default"
2025-01-03 15:51:59 [restartedMain] INFO  o.s.b.w.e.tomcat.TomcatWebServer - Tomcat initialized with port 9371 (http)
2025-01-03 15:51:59 [restartedMain] INFO  o.a.coyote.http11.Http11NioProtocol - Initializing ProtocolHandler ["http-nio-9371"]
2025-01-03 15:51:59 [restartedMain] INFO  o.a.catalina.core.StandardService - Starting service [Tomcat]
2025-01-03 15:51:59 [restartedMain] INFO  o.a.catalina.core.StandardEngine - Starting Servlet engine: [Apache Tomcat/10.1.34]
2025-01-03 15:51:59 [restartedMain] INFO  o.a.c.c.C.[Tomcat].[localhost].[/] - Initializing Spring embedded WebApplicationContext
2025-01-03 15:51:59 [restartedMain] INFO  o.s.b.w.s.c.ServletWebServerApplicationContext - Root WebApplicationContext: initialization completed in 109 ms
2025-01-03 15:51:59 [restartedMain] INFO  o.s.b.a.w.s.WelcomePageHandlerMapping - Adding welcome page: class path resource [static/index.html]
2025-01-03 15:51:59 [restartedMain] INFO  o.s.b.d.a.OptionalLiveReloadServer - LiveReload server is running on port 35729
2025-01-03 15:51:59 [restartedMain] INFO  o.a.coyote.http11.Http11NioProtocol - Starting ProtocolHandler ["http-nio-9371"]
2025-01-03 15:51:59 [restartedMain] INFO  o.s.b.w.e.tomcat.TomcatWebServer - Tomcat started on port 9371 (http) with context path '/'
2025-01-03 15:51:59 [restartedMain] INFO  m._.a.ApiSpringDefaultApplication - Started ApiSpringDefaultApplication in 0.21 seconds (process running for 173.449)
2025-01-03 15:51:59 [restartedMain] INFO  o.s.b.d.a.ConditionEvaluationDeltaLoggingListener - Condition evaluation unchanged
2025-01-03 15:52:05 [File Watcher] INFO  o.s.b.d.a.LocalDevToolsAutoConfiguration$RestartingClassPathChangeChangedEventListener - Restarting due to 1 class path change (0 additions, 0 deletions, 1 modification)
2025-01-03 15:52:05 [Thread-15] INFO  o.s.b.w.e.tomcat.GracefulShutdown - Commencing graceful shutdown. Waiting for active requests to complete
2025-01-03 15:52:05 [tomcat-shutdown] INFO  o.a.coyote.http11.Http11NioProtocol - Pausing ProtocolHandler ["http-nio-9371"]
2025-01-03 15:52:05 [tomcat-shutdown] INFO  o.s.b.w.e.tomcat.GracefulShutdown - Graceful shutdown complete
2025-01-03 15:52:05 [Thread-15] INFO  o.a.coyote.http11.Http11NioProtocol - Stopping ProtocolHandler ["http-nio-9371"]
2025-01-03 15:52:05 [restartedMain] INFO  m._.a.ApiSpringDefaultApplication - Starting ApiSpringDefaultApplication using Java 17.0.6 with PID 414052 (D:\workspace\java\my_api\project\api_spring_default\bin\main started by EXC in D:\workspace\java\my_api\project\api_spring_default)
2025-01-03 15:52:05 [restartedMain] INFO  m._.a.ApiSpringDefaultApplication - No active profile set, falling back to 1 default profile: "default"
2025-01-03 15:52:05 [restartedMain] INFO  o.s.b.w.e.tomcat.TomcatWebServer - Tomcat initialized with port 9371 (http)
2025-01-03 15:52:05 [restartedMain] INFO  o.a.coyote.http11.Http11NioProtocol - Initializing ProtocolHandler ["http-nio-9371"]
2025-01-03 15:52:05 [restartedMain] INFO  o.a.catalina.core.StandardService - Starting service [Tomcat]
2025-01-03 15:52:05 [restartedMain] INFO  o.a.catalina.core.StandardEngine - Starting Servlet engine: [Apache Tomcat/10.1.34]
2025-01-03 15:52:05 [restartedMain] INFO  o.a.c.c.C.[Tomcat].[localhost].[/] - Initializing Spring embedded WebApplicationContext
2025-01-03 15:52:05 [restartedMain] INFO  o.s.b.w.s.c.ServletWebServerApplicationContext - Root WebApplicationContext: initialization completed in 95 ms
2025-01-03 15:52:05 [restartedMain] INFO  o.s.b.a.w.s.WelcomePageHandlerMapping - Adding welcome page: class path resource [static/index.html]
2025-01-03 15:52:05 [restartedMain] INFO  o.s.b.d.a.OptionalLiveReloadServer - LiveReload server is running on port 35729
2025-01-03 15:52:05 [restartedMain] INFO  o.a.coyote.http11.Http11NioProtocol - Starting ProtocolHandler ["http-nio-9371"]
2025-01-03 15:52:05 [restartedMain] INFO  o.s.b.w.e.tomcat.TomcatWebServer - Tomcat started on port 9371 (http) with context path '/'
2025-01-03 15:52:05 [restartedMain] INFO  m._.a.ApiSpringDefaultApplication - Started ApiSpringDefaultApplication in 0.185 seconds (process running for 179.261)
2025-01-03 15:52:05 [restartedMain] INFO  o.s.b.d.a.ConditionEvaluationDeltaLoggingListener - Condition evaluation unchanged
2025-01-03 15:52:33 [RMI TCP Connection(7)-127.0.0.1] INFO  o.s.b.a.SpringApplicationAdminMXBeanRegistrar$SpringApplicationAdmin - Application shutdown requested.
2025-01-03 15:52:33 [RMI TCP Connection(7)-127.0.0.1] INFO  o.s.b.w.e.tomcat.GracefulShutdown - Commencing graceful shutdown. Waiting for active requests to complete
2025-01-03 15:52:33 [tomcat-shutdown] INFO  o.a.coyote.http11.Http11NioProtocol - Pausing ProtocolHandler ["http-nio-9371"]
2025-01-03 15:52:33 [tomcat-shutdown] INFO  o.s.b.w.e.tomcat.GracefulShutdown - Graceful shutdown complete
2025-01-03 15:52:33 [RMI TCP Connection(7)-127.0.0.1] INFO  o.a.coyote.http11.Http11NioProtocol - Stopping ProtocolHandler ["http-nio-9371"]
2025-01-08 10:17:44 [restartedMain] INFO  m._.a.ApiSpringDefaultApplication - Starting ApiSpringDefaultApplication using Java 17.0.6 with PID 62940 (D:\workspace\java\my_api\project\api_spring_default\bin\main started by EXC in D:\workspace\java\my_api\project\api_spring_default)
2025-01-08 10:17:44 [restartedMain] INFO  m._.a.ApiSpringDefaultApplication - No active profile set, falling back to 1 default profile: "default"
2025-01-08 10:17:44 [restartedMain] INFO  o.s.b.d.e.DevToolsPropertyDefaultsPostProcessor - Devtools property defaults active! Set 'spring.devtools.add-properties' to 'false' to disable
2025-01-08 10:17:44 [restartedMain] INFO  o.s.b.d.e.DevToolsPropertyDefaultsPostProcessor - For additional web related logging consider setting the 'logging.level.web' property to 'DEBUG'
2025-01-08 10:17:45 [restartedMain] INFO  o.s.b.w.e.tomcat.TomcatWebServer - Tomcat initialized with port 9371 (http)
2025-01-08 10:17:45 [restartedMain] INFO  o.a.coyote.http11.Http11NioProtocol - Initializing ProtocolHandler ["http-nio-9371"]
2025-01-08 10:17:45 [restartedMain] INFO  o.a.catalina.core.StandardService - Starting service [Tomcat]
2025-01-08 10:17:45 [restartedMain] INFO  o.a.catalina.core.StandardEngine - Starting Servlet engine: [Apache Tomcat/10.1.34]
2025-01-08 10:17:45 [restartedMain] INFO  o.a.c.c.C.[Tomcat].[localhost].[/] - Initializing Spring embedded WebApplicationContext
2025-01-08 10:17:45 [restartedMain] INFO  o.s.b.w.s.c.ServletWebServerApplicationContext - Root WebApplicationContext: initialization completed in 571 ms
2025-01-08 10:17:45 [restartedMain] INFO  o.s.b.a.w.s.WelcomePageHandlerMapping - Adding welcome page: class path resource [static/index.html]
2025-01-08 10:17:45 [restartedMain] INFO  o.s.b.d.a.OptionalLiveReloadServer - LiveReload server is running on port 35729
2025-01-08 10:17:45 [restartedMain] INFO  o.a.coyote.http11.Http11NioProtocol - Starting ProtocolHandler ["http-nio-9371"]
2025-01-08 10:17:45 [restartedMain] INFO  o.s.b.w.e.tomcat.TomcatWebServer - Tomcat started on port 9371 (http) with context path '/'
2025-01-08 10:17:45 [restartedMain] INFO  m._.a.ApiSpringDefaultApplication - Started ApiSpringDefaultApplication in 1.178 seconds (process running for 1.674)
2025-01-08 10:17:55 [RMI TCP Connection(2)-127.0.0.1] INFO  o.s.b.a.SpringApplicationAdminMXBeanRegistrar$SpringApplicationAdmin - Application shutdown requested.
2025-01-08 10:17:55 [RMI TCP Connection(2)-127.0.0.1] INFO  o.s.b.w.e.tomcat.GracefulShutdown - Commencing graceful shutdown. Waiting for active requests to complete
2025-01-08 10:17:55 [tomcat-shutdown] INFO  o.a.coyote.http11.Http11NioProtocol - Pausing ProtocolHandler ["http-nio-9371"]
2025-01-08 10:17:55 [tomcat-shutdown] INFO  o.s.b.w.e.tomcat.GracefulShutdown - Graceful shutdown complete
2025-01-08 10:17:55 [RMI TCP Connection(2)-127.0.0.1] INFO  o.a.coyote.http11.Http11NioProtocol - Stopping ProtocolHandler ["http-nio-9371"]
